[INFO] Scanning for projects...
[INFO] 
[INFO] ---------< com.interview:Smart-Interview-Preparation-Platform >---------
[INFO] Building Smart Interview Platform 0.0.1-SNAPSHOT
[INFO]   from pom.xml
[INFO] --------------------------------[ jar ]---------------------------------
[INFO] 
[INFO] >>> spring-boot:3.2.4:run (default-cli) > test-compile @ Smart-Interview-Preparation-Platform >>>
[INFO] 
[INFO] --- resources:3.3.1:resources (default-resources) @ Smart-Interview-Preparation-Platform ---
[INFO] Copying 1 resource from src\main\resources to target\classes
[INFO] Copying 0 resource from src\main\resources to target\classes
[INFO] 
[INFO] --- compiler:3.11.0:compile (default-compile) @ Smart-Interview-Preparation-Platform ---
[INFO] Nothing to compile - all classes are up to date
[INFO] 
[INFO] --- resources:3.3.1:testResources (default-testResources) @ Smart-Interview-Preparation-Platform ---
[INFO] skip non existing resourceDirectory C:\dddd\Smart Interview Preparation Platform\Smart-Interview-Preparation-Platform\src\test\resources
[INFO] 
[INFO] --- compiler:3.11.0:testCompile (default-testCompile) @ Smart-Interview-Preparation-Platform ---
[INFO] Nothing to compile - all classes are up to date
[INFO] 
[INFO] <<< spring-boot:3.2.4:run (default-cli) < test-compile @ Smart-Interview-Preparation-Platform <<<
[INFO] 
[INFO] 
[INFO] --- spring-boot:3.2.4:run (default-cli) @ Smart-Interview-Preparation-Platform ---
[INFO] Attaching agents: []

  .   ____          _            __ _ _
 /\\ / ___'_ __ _ _(_)_ __  __ _ \ \ \ \
( ( )\___ | '_ | '_| | '_ \/ _` | \ \ \ \
 \\/  ___)| |_)| | | | | || (_| |  ) ) ) )
  '  |____| .__|_| |_|_| |_\__, | / / / /
 =========|_|==============|___/=/_/_/_/
 :: Spring Boot ::                (v3.2.4)

2026-03-18T17:03:25.596+05:30  INFO 23196 --- [smart-interview-platform] [           main] c.i.p.SmartInterviewPlatformApplication  : Starting SmartInterviewPlatformApplication using Java 21.0.10 with PID 23196 (C:\dddd\Smart Interview Preparation Platform\Smart-Interview-Preparation-Platform\target\classes started by Manish K in C:\dddd\Smart Interview Preparation Platform\Smart-Interview-Preparation-Platform)
2026-03-18T17:03:25.602+05:30  INFO 23196 --- [smart-interview-platform] [           main] c.i.p.SmartInterviewPlatformApplication  : No active profile set, falling back to 1 default profile: "default"
2026-03-18T17:03:27.203+05:30  INFO 23196 --- [smart-interview-platform] [           main] .s.d.r.c.RepositoryConfigurationDelegate : Bootstrapping Spring Data JPA repositories in DEFAULT mode.
2026-03-18T17:03:27.318+05:30  INFO 23196 --- [smart-interview-platform] [           main] .s.d.r.c.RepositoryConfigurationDelegate : Finished Spring Data repository scanning in 102 ms. Found 3 JPA repository interfaces.
2026-03-18T17:03:28.403+05:30  INFO 23196 --- [smart-interview-platform] [           main] o.s.b.w.embedded.tomcat.TomcatWebServer  : Tomcat initialized with port 8080 (http)
2026-03-18T17:03:28.430+05:30  INFO 23196 --- [smart-interview-platform] [           main] o.apache.catalina.core.StandardService   : Starting service [Tomcat]
2026-03-18T17:03:28.430+05:30  INFO 23196 --- [smart-interview-platform] [           main] o.apache.catalina.core.StandardEngine    : Starting Servlet engine: [Apache Tomcat/10.1.19]
2026-03-18T17:03:28.570+05:30  INFO 23196 --- [smart-interview-platform] [           main] o.a.c.c.C.[Tomcat].[localhost].[/]       : Initializing Spring embedded WebApplicationContext
2026-03-18T17:03:28.571+05:30  INFO 23196 --- [smart-interview-platform] [           main] w.s.c.ServletWebServerApplicationContext : Root WebApplicationContext: initialization completed in 2860 ms
2026-03-18T17:03:28.662+05:30  INFO 23196 --- [smart-interview-platform] [           main] com.zaxxer.hikari.HikariDataSource       : HikariPool-1 - Starting...
2026-03-18T17:03:29.016+05:30  INFO 23196 --- [smart-interview-platform] [           main] com.zaxxer.hikari.pool.HikariPool        : HikariPool-1 - Added connection conn0: url=jdbc:h2:mem:interview_db user=SA
2026-03-18T17:03:29.019+05:30  INFO 23196 --- [smart-interview-platform] [           main] com.zaxxer.hikari.HikariDataSource       : HikariPool-1 - Start completed.
2026-03-18T17:03:29.035+05:30  INFO 23196 --- [smart-interview-platform] [           main] o.s.b.a.h2.H2ConsoleAutoConfiguration    : H2 console available at '/h2-console'. Database available at 'jdbc:h2:mem:interview_db'
2026-03-18T17:03:29.206+05:30  INFO 23196 --- [smart-interview-platform] [           main] o.hibernate.jpa.internal.util.LogHelper  : HHH000204: Processing PersistenceUnitInfo [name: default]
2026-03-18T17:03:29.324+05:30  INFO 23196 --- [smart-interview-platform] [           main] org.hibernate.Version                    : HHH000412: Hibernate ORM core version 6.4.4.Final
2026-03-18T17:03:29.415+05:30  INFO 23196 --- [smart-interview-platform] [           main] o.h.c.internal.RegionFactoryInitiator    : HHH000026: Second-level cache disabled
2026-03-18T17:03:30.215+05:30  INFO 23196 --- [smart-interview-platform] [           main] o.s.o.j.p.SpringPersistenceUnitInfo      : No LoadTimeWeaver setup: ignoring JPA class transformer
2026-03-18T17:03:32.174+05:30  INFO 23196 --- [smart-interview-platform] [           main] o.h.e.t.j.p.i.JtaPlatformInitiator       : HHH000489: No JTA platform available (set 'hibernate.transaction.jta.platform' to enable JTA platform integration)
Hibernate: 
    create table evaluation_reports (
        id bigint generated by default as identity,
        actionable_tips TEXT,
        full_json_report TEXT,
        overall_score integer,
        strengths TEXT,
        weaknesses TEXT,
        session_id bigint not null,
        primary key (id)
    )
Hibernate: 
    create table interview_sessions (
        id bigint generated by default as identity,
        difficulty varchar(255) not null,
        end_time timestamp(6),
        start_time timestamp(6) not null,
        status varchar(255) check (status in ('IN_PROGRESS','COMPLETED','CANCELLED')),
        topic varchar(255) not null,
        user_id bigint not null,
        primary key (id)
    )
Hibernate: 
    create table questions (
        id bigint generated by default as identity,
        ai_analysis TEXT,
        question_text TEXT not null,
        score integer,
        user_answer TEXT,
        session_id bigint not null,
        primary key (id)
    )
Hibernate: 
    create table users (
        id bigint generated by default as identity,
        email varchar(255) not null,
        password varchar(255) not null,
        role varchar(255) check (role in ('CANDIDATE','ADMIN')),
        username varchar(255) not null,
        primary key (id)
    )
Hibernate: 
    alter table if exists evaluation_reports 
       drop constraint if exists UK_3dsvwr01mxq0u4g9g90v5cu7m
Hibernate: 
    alter table if exists evaluation_reports 
       add constraint UK_3dsvwr01mxq0u4g9g90v5cu7m unique (session_id)
Hibernate: 
    alter table if exists users 
       drop constraint if exists UK_6dotkott2kjsp8vw4d0m25fb7
Hibernate: 
    alter table if exists users 
       add constraint UK_6dotkott2kjsp8vw4d0m25fb7 unique (email)
Hibernate: 
    alter table if exists users 
       drop constraint if exists UK_r43af9ap4edm43mmtq01oddj6
Hibernate: 
    alter table if exists users 
       add constraint UK_r43af9ap4edm43mmtq01oddj6 unique (username)
Hibernate: 
    alter table if exists evaluation_reports 
       add constraint FK45p3yqhx442ndu3rgehyui3qu 
       foreign key (session_id) 
       references interview_sessions
Hibernate: 
    alter table if exists interview_sessions 
       add constraint FKoa5rgsdu7rqa8y74yph1fuqe5 
       foreign key (user_id) 
       references users
Hibernate: 
    alter table if exists questions 
       add constraint FKk2dl55rsghwywcf2xd02vyd4q 
       foreign key (session_id) 
       references interview_sessions
2026-03-18T17:03:32.307+05:30  INFO 23196 --- [smart-interview-platform] [           main] j.LocalContainerEntityManagerFactoryBean : Initialized JPA EntityManagerFactory for persistence unit 'default'
2026-03-18T17:03:33.373+05:30  WARN 23196 --- [smart-interview-platform] [           main] JpaBaseConfiguration$JpaWebConfiguration : spring.jpa.open-in-view is enabled by default. Therefore, database queries may be performed during view rendering. Explicitly configure spring.jpa.open-in-view to disable this warning
2026-03-18T17:03:33.793+05:30  INFO 23196 --- [smart-interview-platform] [           main] o.s.s.web.DefaultSecurityFilterChain     : Will secure any request with [org.springframework.security.web.session.DisableEncodeUrlFilter@fe337, org.springframework.security.web.context.request.async.WebAsyncManagerIntegrationFilter@356cb230, org.springframework.security.web.context.SecurityContextHolderFilter@2f70d78c, org.springframework.security.web.header.HeaderWriterFilter@44846c76, org.springframework.web.filter.CorsFilter@50b78155, org.springframework.security.web.authentication.logout.LogoutFilter@6414eb98, com.interview.platform.security.JwtAuthenticationFilter@2daf0cc9, org.springframework.security.web.savedrequest.RequestCacheAwareFilter@7916568d, org.springframework.security.web.servletapi.SecurityContextHolderAwareRequestFilter@58fadccb, org.springframework.security.web.authentication.AnonymousAuthenticationFilter@1e284d90, org.springframework.security.web.session.SessionManagementFilter@735b1ad2, org.springframework.security.web.access.ExceptionTranslationFilter@5cf39df6, org.springframework.security.web.access.intercept.AuthorizationFilter@41ae9f11]
2026-03-18T17:03:34.105+05:30  WARN 23196 --- [smart-interview-platform] [           main] ConfigServletWebServerApplicationContext : Exception encountered during context initialization - cancelling refresh attempt: org.springframework.context.ApplicationContextException: Failed to start bean 'webServerStartStop'
2026-03-18T17:03:34.111+05:30  INFO 23196 --- [smart-interview-platform] [           main] j.LocalContainerEntityManagerFactoryBean : Closing JPA EntityManagerFactory for persistence unit 'default'
2026-03-18T17:03:34.113+05:30  INFO 23196 --- [smart-interview-platform] [           main] com.zaxxer.hikari.HikariDataSource       : HikariPool-1 - Shutdown initiated...
2026-03-18T17:03:34.115+05:30  INFO 23196 --- [smart-interview-platform] [           main] com.zaxxer.hikari.HikariDataSource       : HikariPool-1 - Shutdown completed.
2026-03-18T17:03:34.133+05:30  INFO 23196 --- [smart-interview-platform] [           main] .s.b.a.l.ConditionEvaluationReportLogger : 

Error starting ApplicationContext. To display the condition evaluation report re-run your application with 'debug' enabled.
2026-03-18T17:03:34.164+05:30 ERROR 23196 --- [smart-interview-platform] [           main] o.s.b.d.LoggingFailureAnalysisReporter   : 

***************************
APPLICATION FAILED TO START
***************************

Description:

Web server failed to start. Port 8080 was already in use.

Action:

Identify and stop the process that's listening on port 8080 or configure this application to listen on another port.

[INFO] ------------------------------------------------------------------------
[INFO] BUILD FAILURE
[INFO] ------------------------------------------------------------------------
[INFO] Total time:  22.522 s
[INFO] Finished at: 2026-03-18T17:03:34+05:30
[INFO] ------------------------------------------------------------------------
[ERROR] Failed to execute goal org.springframework.boot:spring-boot-maven-plugin:3.2.4:run (default-cli) on project Smart-Interview-Preparation-Platform: Process terminated with exit code: 1 -> [Help 1]
[ERROR] 
[ERROR] To see the full stack trace of the errors, re-run Maven with the -e switch.
[ERROR] Re-run Maven using the -X switch to enable full debug logging.
[ERROR] 
[ERROR] For more information about the errors and possible solutions, please read the following articles:
[ERROR] [Help 1] http://cwiki.apache.org/confluence/display/MAVEN/MojoExecutionException
