[INFO] Scanning for projects...
[INFO] 
[INFO] ---------< com.interview:Smart-Interview-Preparation-Platform >---------
[INFO] Building Smart Interview Platform 0.0.1-SNAPSHOT
[INFO]   from pom.xml
[INFO] --------------------------------[ jar ]---------------------------------
[INFO] 
[INFO] >>> spring-boot:3.2.4:run (default-cli) > test-compile @ Smart-Interview-Preparation-Platform >>>
[INFO] 
[INFO] --- resources:3.3.1:resources (default-resources) @ Smart-Interview-Preparation-Platform ---
[INFO] Copying 1 resource from src\main\resources to target\classes
[INFO] Copying 0 resource from src\main\resources to target\classes
[INFO] 
[INFO] --- compiler:3.11.0:compile (default-compile) @ Smart-Interview-Preparation-Platform ---
[INFO] Changes detected - recompiling the module! :source
[INFO] Compiling 22 source files with javac [debug release 21] to target\classes
[INFO] /C:/dddd/Smart Interview Preparation Platform/Smart-Interview-Preparation-Platform/src/main/java/com/interview/platform/service/GeminiService.java: C:\dddd\Smart Interview Preparation Platform\Smart-Interview-Preparation-Platform\src\main\java\com\interview\platform\service\GeminiService.java uses unchecked or unsafe operations.
[INFO] /C:/dddd/Smart Interview Preparation Platform/Smart-Interview-Preparation-Platform/src/main/java/com/interview/platform/service/GeminiService.java: Recompile with -Xlint:unchecked for details.
[INFO] 
[INFO] --- resources:3.3.1:testResources (default-testResources) @ Smart-Interview-Preparation-Platform ---
[INFO] skip non existing resourceDirectory C:\dddd\Smart Interview Preparation Platform\Smart-Interview-Preparation-Platform\src\test\resources
[INFO] 
[INFO] --- compiler:3.11.0:testCompile (default-testCompile) @ Smart-Interview-Preparation-Platform ---
[INFO] Changes detected - recompiling the module! :dependency
[INFO] Compiling 2 source files with javac [debug release 21] to target\test-classes
[INFO] 
[INFO] <<< spring-boot:3.2.4:run (default-cli) < test-compile @ Smart-Interview-Preparation-Platform <<<
[INFO] 
[INFO] 
[INFO] --- spring-boot:3.2.4:run (default-cli) @ Smart-Interview-Preparation-Platform ---
[INFO] Attaching agents: []

  .   ____          _            __ _ _
 /\\ / ___'_ __ _ _(_)_ __  __ _ \ \ \ \
( ( )\___ | '_ | '_| | '_ \/ _` | \ \ \ \
 \\/  ___)| |_)| | | | | || (_| |  ) ) ) )
  '  |____| .__|_| |_|_| |_\__, | / / / /
 =========|_|==============|___/=/_/_/_/
 :: Spring Boot ::                (v3.2.4)

2026-03-18T19:46:16.455+05:30  INFO 9028 --- [smart-interview-platform] [           main] c.i.p.SmartInterviewPlatformApplication  : Starting SmartInterviewPlatformApplication using Java 21.0.10 with PID 9028 (C:\dddd\Smart Interview Preparation Platform\Smart-Interview-Preparation-Platform\target\classes started by Manish K in C:\dddd\Smart Interview Preparation Platform\Smart-Interview-Preparation-Platform)
2026-03-18T19:46:16.460+05:30  INFO 9028 --- [smart-interview-platform] [           main] c.i.p.SmartInterviewPlatformApplication  : No active profile set, falling back to 1 default profile: "default"
2026-03-18T19:46:18.247+05:30  INFO 9028 --- [smart-interview-platform] [           main] .s.d.r.c.RepositoryConfigurationDelegate : Bootstrapping Spring Data JPA repositories in DEFAULT mode.
2026-03-18T19:46:18.408+05:30  INFO 9028 --- [smart-interview-platform] [           main] .s.d.r.c.RepositoryConfigurationDelegate : Finished Spring Data repository scanning in 139 ms. Found 4 JPA repository interfaces.
2026-03-18T19:46:19.451+05:30  INFO 9028 --- [smart-interview-platform] [           main] o.s.b.w.embedded.tomcat.TomcatWebServer  : Tomcat initialized with port 8081 (http)
2026-03-18T19:46:19.481+05:30  INFO 9028 --- [smart-interview-platform] [           main] o.apache.catalina.core.StandardService   : Starting service [Tomcat]
2026-03-18T19:46:19.482+05:30  INFO 9028 --- [smart-interview-platform] [           main] o.apache.catalina.core.StandardEngine    : Starting Servlet engine: [Apache Tomcat/10.1.19]
2026-03-18T19:46:19.597+05:30  INFO 9028 --- [smart-interview-platform] [           main] o.a.c.c.C.[Tomcat].[localhost].[/]       : Initializing Spring embedded WebApplicationContext
2026-03-18T19:46:19.600+05:30  INFO 9028 --- [smart-interview-platform] [           main] w.s.c.ServletWebServerApplicationContext : Root WebApplicationContext: initialization completed in 3028 ms
2026-03-18T19:46:19.788+05:30  INFO 9028 --- [smart-interview-platform] [           main] com.zaxxer.hikari.HikariDataSource       : HikariPool-1 - Starting...
2026-03-18T19:46:20.114+05:30  INFO 9028 --- [smart-interview-platform] [           main] com.zaxxer.hikari.pool.HikariPool        : HikariPool-1 - Added connection conn0: url=jdbc:h2:mem:3b6a59c7-725c-41d2-bbeb-b0722e29e370 user=SA
2026-03-18T19:46:20.116+05:30  INFO 9028 --- [smart-interview-platform] [           main] com.zaxxer.hikari.HikariDataSource       : HikariPool-1 - Start completed.
2026-03-18T19:46:20.192+05:30  INFO 9028 --- [smart-interview-platform] [           main] o.hibernate.jpa.internal.util.LogHelper  : HHH000204: Processing PersistenceUnitInfo [name: default]
2026-03-18T19:46:20.278+05:30  INFO 9028 --- [smart-interview-platform] [           main] org.hibernate.Version                    : HHH000412: Hibernate ORM core version 6.4.4.Final
2026-03-18T19:46:20.359+05:30  INFO 9028 --- [smart-interview-platform] [           main] o.h.c.internal.RegionFactoryInitiator    : HHH000026: Second-level cache disabled
2026-03-18T19:46:20.881+05:30  INFO 9028 --- [smart-interview-platform] [           main] o.s.o.j.p.SpringPersistenceUnitInfo      : No LoadTimeWeaver setup: ignoring JPA class transformer
2026-03-18T19:46:22.670+05:30  INFO 9028 --- [smart-interview-platform] [           main] o.h.e.t.j.p.i.JtaPlatformInitiator       : HHH000489: No JTA platform available (set 'hibernate.transaction.jta.platform' to enable JTA platform integration)
2026-03-18T19:46:22.773+05:30  INFO 9028 --- [smart-interview-platform] [           main] j.LocalContainerEntityManagerFactoryBean : Initialized JPA EntityManagerFactory for persistence unit 'default'
2026-03-18T19:46:23.821+05:30  WARN 9028 --- [smart-interview-platform] [           main] JpaBaseConfiguration$JpaWebConfiguration : spring.jpa.open-in-view is enabled by default. Therefore, database queries may be performed during view rendering. Explicitly configure spring.jpa.open-in-view to disable this warning
2026-03-18T19:46:24.251+05:30  INFO 9028 --- [smart-interview-platform] [           main] o.s.s.web.DefaultSecurityFilterChain     : Will secure any request with [org.springframework.security.web.session.DisableEncodeUrlFilter@2af1bf5a, org.springframework.security.web.context.request.async.WebAsyncManagerIntegrationFilter@1d77d9c6, org.springframework.security.web.context.SecurityContextHolderFilter@5345552f, org.springframework.security.web.header.HeaderWriterFilter@64dfa1a3, org.springframework.web.filter.CorsFilter@2c5b4b91, org.springframework.security.web.authentication.logout.LogoutFilter@8bb5c2a, com.interview.platform.security.JwtAuthenticationFilter@44f338ec, org.springframework.security.web.savedrequest.RequestCacheAwareFilter@3705a85c, org.springframework.security.web.servletapi.SecurityContextHolderAwareRequestFilter@2284058a, org.springframework.security.web.authentication.AnonymousAuthenticationFilter@51eeae0a, org.springframework.security.web.session.SessionManagementFilter@3857c5d5, org.springframework.security.web.access.ExceptionTranslationFilter@4138af7, org.springframework.security.web.access.intercept.AuthorizationFilter@39a1c200]
2026-03-18T19:46:24.611+05:30  INFO 9028 --- [smart-interview-platform] [           main] o.s.b.w.embedded.tomcat.TomcatWebServer  : Tomcat started on port 8081 (http) with context path ''
2026-03-18T19:46:24.622+05:30  INFO 9028 --- [smart-interview-platform] [           main] c.i.p.SmartInterviewPlatformApplication  : Started SmartInterviewPlatformApplication in 9.336 seconds (process running for 10.333)
Default user created: shiva@gmail.com / shiva
