[INFO] Scanning for projects...
[INFO] 
[INFO] ---------< com.interview:Smart-Interview-Preparation-Platform >---------
[INFO] Building Smart Interview Platform 0.0.1-SNAPSHOT
[INFO]   from pom.xml
[INFO] --------------------------------[ jar ]---------------------------------
[INFO] 
[INFO] >>> spring-boot:3.2.4:run (default-cli) > test-compile @ Smart-Interview-Preparation-Platform >>>
[INFO] 
[INFO] --- resources:3.3.1:resources (default-resources) @ Smart-Interview-Preparation-Platform ---
[INFO] Copying 1 resource from src\main\resources to target\classes
[INFO] Copying 0 resource from src\main\resources to target\classes
[INFO] 
[INFO] --- compiler:3.11.0:compile (default-compile) @ Smart-Interview-Preparation-Platform ---
[INFO] Changes detected - recompiling the module! :source
[INFO] Compiling 23 source files with javac [debug release 21] to target\classes
[INFO] /C:/dddd/Smart Interview Preparation Platform/Smart-Interview-Preparation-Platform/src/main/java/com/interview/platform/service/GeminiService.java: C:\dddd\Smart Interview Preparation Platform\Smart-Interview-Preparation-Platform\src\main\java\com\interview\platform\service\GeminiService.java uses unchecked or unsafe operations.
[INFO] /C:/dddd/Smart Interview Preparation Platform/Smart-Interview-Preparation-Platform/src/main/java/com/interview/platform/service/GeminiService.java: Recompile with -Xlint:unchecked for details.
[INFO] 
[INFO] --- resources:3.3.1:testResources (default-testResources) @ Smart-Interview-Preparation-Platform ---
[INFO] skip non existing resourceDirectory C:\dddd\Smart Interview Preparation Platform\Smart-Interview-Preparation-Platform\src\test\resources
[INFO] 
[INFO] --- compiler:3.11.0:testCompile (default-testCompile) @ Smart-Interview-Preparation-Platform ---
[INFO] Changes detected - recompiling the module! :dependency
[INFO] Compiling 2 source files with javac [debug release 21] to target\test-classes
[INFO] 
[INFO] <<< spring-boot:3.2.4:run (default-cli) < test-compile @ Smart-Interview-Preparation-Platform <<<
[INFO] 
[INFO] 
[INFO] --- spring-boot:3.2.4:run (default-cli) @ Smart-Interview-Preparation-Platform ---
[INFO] Attaching agents: []

  .   ____          _            __ _ _
 /\\ / ___'_ __ _ _(_)_ __  __ _ \ \ \ \
( ( )\___ | '_ | '_| | '_ \/ _` | \ \ \ \
 \\/  ___)| |_)| | | | | || (_| |  ) ) ) )
  '  |____| .__|_| |_|_| |_\__, | / / / /
 =========|_|==============|___/=/_/_/_/
 :: Spring Boot ::                (v3.2.4)

2026-03-18T19:49:53.242+05:30  INFO 14204 --- [smart-interview-platform] [           main] c.i.p.SmartInterviewPlatformApplication  : Starting SmartInterviewPlatformApplication using Java 21.0.10 with PID 14204 (C:\dddd\Smart Interview Preparation Platform\Smart-Interview-Preparation-Platform\target\classes started by Manish K in C:\dddd\Smart Interview Preparation Platform\Smart-Interview-Preparation-Platform)
2026-03-18T19:49:53.247+05:30  INFO 14204 --- [smart-interview-platform] [           main] c.i.p.SmartInterviewPlatformApplication  : No active profile set, falling back to 1 default profile: "default"
2026-03-18T19:49:54.797+05:30  INFO 14204 --- [smart-interview-platform] [           main] .s.d.r.c.RepositoryConfigurationDelegate : Bootstrapping Spring Data JPA repositories in DEFAULT mode.
2026-03-18T19:49:54.966+05:30  INFO 14204 --- [smart-interview-platform] [           main] .s.d.r.c.RepositoryConfigurationDelegate : Finished Spring Data repository scanning in 148 ms. Found 4 JPA repository interfaces.
2026-03-18T19:49:56.052+05:30  INFO 14204 --- [smart-interview-platform] [           main] o.s.b.w.embedded.tomcat.TomcatWebServer  : Tomcat initialized with port 8081 (http)
2026-03-18T19:49:56.071+05:30  INFO 14204 --- [smart-interview-platform] [           main] o.apache.catalina.core.StandardService   : Starting service [Tomcat]
2026-03-18T19:49:56.071+05:30  INFO 14204 --- [smart-interview-platform] [           main] o.apache.catalina.core.StandardEngine    : Starting Servlet engine: [Apache Tomcat/10.1.19]
2026-03-18T19:49:56.165+05:30  INFO 14204 --- [smart-interview-platform] [           main] o.a.c.c.C.[Tomcat].[localhost].[/]       : Initializing Spring embedded WebApplicationContext
2026-03-18T19:49:56.167+05:30  INFO 14204 --- [smart-interview-platform] [           main] w.s.c.ServletWebServerApplicationContext : Root WebApplicationContext: initialization completed in 2826 ms
2026-03-18T19:49:56.405+05:30  INFO 14204 --- [smart-interview-platform] [           main] com.zaxxer.hikari.HikariDataSource       : HikariPool-1 - Starting...
2026-03-18T19:49:57.037+05:30  INFO 14204 --- [smart-interview-platform] [           main] com.zaxxer.hikari.pool.HikariPool        : HikariPool-1 - Added connection conn0: url=jdbc:h2:mem:7c79461e-ef31-4eba-ae80-4480f6bc8e68 user=SA
2026-03-18T19:49:57.040+05:30  INFO 14204 --- [smart-interview-platform] [           main] com.zaxxer.hikari.HikariDataSource       : HikariPool-1 - Start completed.
2026-03-18T19:49:57.122+05:30  INFO 14204 --- [smart-interview-platform] [           main] o.hibernate.jpa.internal.util.LogHelper  : HHH000204: Processing PersistenceUnitInfo [name: default]
2026-03-18T19:49:57.382+05:30  INFO 14204 --- [smart-interview-platform] [           main] org.hibernate.Version                    : HHH000412: Hibernate ORM core version 6.4.4.Final
2026-03-18T19:49:57.547+05:30  INFO 14204 --- [smart-interview-platform] [           main] o.h.c.internal.RegionFactoryInitiator    : HHH000026: Second-level cache disabled
2026-03-18T19:49:59.177+05:30  INFO 14204 --- [smart-interview-platform] [           main] o.s.o.j.p.SpringPersistenceUnitInfo      : No LoadTimeWeaver setup: ignoring JPA class transformer
2026-03-18T19:50:01.967+05:30  INFO 14204 --- [smart-interview-platform] [           main] o.h.e.t.j.p.i.JtaPlatformInitiator       : HHH000489: No JTA platform available (set 'hibernate.transaction.jta.platform' to enable JTA platform integration)
2026-03-18T19:50:02.083+05:30  INFO 14204 --- [smart-interview-platform] [           main] j.LocalContainerEntityManagerFactoryBean : Initialized JPA EntityManagerFactory for persistence unit 'default'
2026-03-18T19:50:02.972+05:30  WARN 14204 --- [smart-interview-platform] [           main] JpaBaseConfiguration$JpaWebConfiguration : spring.jpa.open-in-view is enabled by default. Therefore, database queries may be performed during view rendering. Explicitly configure spring.jpa.open-in-view to disable this warning
2026-03-18T19:50:03.369+05:30  INFO 14204 --- [smart-interview-platform] [           main] o.s.s.web.DefaultSecurityFilterChain     : Will secure any request with [org.springframework.security.web.session.DisableEncodeUrlFilter@51eeae0a, org.springframework.security.web.context.request.async.WebAsyncManagerIntegrationFilter@76c2d002, org.springframework.security.web.context.SecurityContextHolderFilter@2284058a, org.springframework.security.web.header.HeaderWriterFilter@25d87313, org.springframework.web.filter.CorsFilter@55589ef5, org.springframework.security.web.authentication.logout.LogoutFilter@5f1dadf4, com.interview.platform.security.JwtAuthenticationFilter@78e4fa1, org.springframework.security.web.savedrequest.RequestCacheAwareFilter@5cf39df6, org.springframework.security.web.servletapi.SecurityContextHolderAwareRequestFilter@46ae897c, org.springframework.security.web.authentication.AnonymousAuthenticationFilter@23a9400c, org.springframework.security.web.session.SessionManagementFilter@5345552f, org.springframework.security.web.access.ExceptionTranslationFilter@1f5a1ad4, org.springframework.security.web.access.intercept.AuthorizationFilter@2af1bf5a]
2026-03-18T19:50:03.681+05:30  WARN 14204 --- [smart-interview-platform] [           main] ConfigServletWebServerApplicationContext : Exception encountered during context initialization - cancelling refresh attempt: org.springframework.context.ApplicationContextException: Failed to start bean 'webServerStartStop'
2026-03-18T19:50:03.685+05:30  INFO 14204 --- [smart-interview-platform] [           main] j.LocalContainerEntityManagerFactoryBean : Closing JPA EntityManagerFactory for persistence unit 'default'
2026-03-18T19:50:03.692+05:30  INFO 14204 --- [smart-interview-platform] [           main] com.zaxxer.hikari.HikariDataSource       : HikariPool-1 - Shutdown initiated...
2026-03-18T19:50:03.697+05:30  INFO 14204 --- [smart-interview-platform] [           main] com.zaxxer.hikari.HikariDataSource       : HikariPool-1 - Shutdown completed.
2026-03-18T19:50:03.715+05:30  INFO 14204 --- [smart-interview-platform] [           main] .s.b.a.l.ConditionEvaluationReportLogger : 

Error starting ApplicationContext. To display the condition evaluation report re-run your application with 'debug' enabled.
2026-03-18T19:50:03.740+05:30 ERROR 14204 --- [smart-interview-platform] [           main] o.s.b.d.LoggingFailureAnalysisReporter   : 

***************************
APPLICATION FAILED TO START
***************************

Description:

Web server failed to start. Port 8081 was already in use.

Action:

Identify and stop the process that's listening on port 8081 or configure this application to listen on another port.

[INFO] ------------------------------------------------------------------------
[INFO] BUILD FAILURE
[INFO] ------------------------------------------------------------------------
[INFO] Total time:  31.849 s
[INFO] Finished at: 2026-03-18T19:50:03+05:30
[INFO] ------------------------------------------------------------------------
[ERROR] Failed to execute goal org.springframework.boot:spring-boot-maven-plugin:3.2.4:run (default-cli) on project Smart-Interview-Preparation-Platform: Process terminated with exit code: 1 -> [Help 1]
[ERROR] 
[ERROR] To see the full stack trace of the errors, re-run Maven with the -e switch.
[ERROR] Re-run Maven using the -X switch to enable full debug logging.
[ERROR] 
[ERROR] For more information about the errors and possible solutions, please read the following articles:
[ERROR] [Help 1] http://cwiki.apache.org/confluence/display/MAVEN/MojoExecutionException
