[INFO] Scanning for projects...
[INFO] 
[INFO] ---------< com.interview:Smart-Interview-Preparation-Platform >---------
[INFO] Building Smart Interview Platform 0.0.1-SNAPSHOT
[INFO]   from pom.xml
[INFO] --------------------------------[ jar ]---------------------------------
[INFO] 
[INFO] >>> spring-boot:3.2.4:run (default-cli) > test-compile @ Smart-Interview-Preparation-Platform >>>
[INFO] 
[INFO] --- resources:3.3.1:resources (default-resources) @ Smart-Interview-Preparation-Platform ---
[INFO] Copying 1 resource from src\main\resources to target\classes
[INFO] Copying 0 resource from src\main\resources to target\classes
[INFO] 
[INFO] --- compiler:3.11.0:compile (default-compile) @ Smart-Interview-Preparation-Platform ---
[INFO] Nothing to compile - all classes are up to date
[INFO] 
[INFO] --- resources:3.3.1:testResources (default-testResources) @ Smart-Interview-Preparation-Platform ---
[INFO] skip non existing resourceDirectory C:\dddd\Smart Interview Preparation Platform\Smart-Interview-Preparation-Platform\src\test\resources
[INFO] 
[INFO] --- compiler:3.11.0:testCompile (default-testCompile) @ Smart-Interview-Preparation-Platform ---
[INFO] Nothing to compile - all classes are up to date
[INFO] 
[INFO] <<< spring-boot:3.2.4:run (default-cli) < test-compile @ Smart-Interview-Preparation-Platform <<<
[INFO] 
[INFO] 
[INFO] --- spring-boot:3.2.4:run (default-cli) @ Smart-Interview-Preparation-Platform ---
[INFO] Attaching agents: []

  .   ____          _            __ _ _
 /\\ / ___'_ __ _ _(_)_ __  __ _ \ \ \ \
( ( )\___ | '_ | '_| | '_ \/ _` | \ \ \ \
 \\/  ___)| |_)| | | | | || (_| |  ) ) ) )
  '  |____| .__|_| |_|_| |_\__, | / / / /
 =========|_|==============|___/=/_/_/_/
 :: Spring Boot ::                (v3.2.4)

2026-03-18T20:03:46.665+05:30  INFO 12992 --- [smart-interview-platform] [           main] c.i.p.SmartInterviewPlatformApplication  : Starting SmartInterviewPlatformApplication using Java 21.0.10 with PID 12992 (C:\dddd\Smart Interview Preparation Platform\Smart-Interview-Preparation-Platform\target\classes started by Manish K in C:\dddd\Smart Interview Preparation Platform\Smart-Interview-Preparation-Platform)
2026-03-18T20:03:46.669+05:30  INFO 12992 --- [smart-interview-platform] [           main] c.i.p.SmartInterviewPlatformApplication  : No active profile set, falling back to 1 default profile: "default"
2026-03-18T20:03:48.118+05:30  INFO 12992 --- [smart-interview-platform] [           main] .s.d.r.c.RepositoryConfigurationDelegate : Bootstrapping Spring Data JPA repositories in DEFAULT mode.
2026-03-18T20:03:48.263+05:30  INFO 12992 --- [smart-interview-platform] [           main] .s.d.r.c.RepositoryConfigurationDelegate : Finished Spring Data repository scanning in 130 ms. Found 4 JPA repository interfaces.
2026-03-18T20:03:49.097+05:30  INFO 12992 --- [smart-interview-platform] [           main] o.s.b.w.embedded.tomcat.TomcatWebServer  : Tomcat initialized with port 8081 (http)
2026-03-18T20:03:49.120+05:30  INFO 12992 --- [smart-interview-platform] [           main] o.apache.catalina.core.StandardService   : Starting service [Tomcat]
2026-03-18T20:03:49.120+05:30  INFO 12992 --- [smart-interview-platform] [           main] o.apache.catalina.core.StandardEngine    : Starting Servlet engine: [Apache Tomcat/10.1.19]
2026-03-18T20:03:49.210+05:30  INFO 12992 --- [smart-interview-platform] [           main] o.a.c.c.C.[Tomcat].[localhost].[/]       : Initializing Spring embedded WebApplicationContext
2026-03-18T20:03:49.213+05:30  INFO 12992 --- [smart-interview-platform] [           main] w.s.c.ServletWebServerApplicationContext : Root WebApplicationContext: initialization completed in 2458 ms
2026-03-18T20:03:49.371+05:30  INFO 12992 --- [smart-interview-platform] [           main] com.zaxxer.hikari.HikariDataSource       : HikariPool-1 - Starting...
2026-03-18T20:03:49.621+05:30  INFO 12992 --- [smart-interview-platform] [           main] com.zaxxer.hikari.pool.HikariPool        : HikariPool-1 - Added connection conn0: url=jdbc:h2:mem:6818ff10-33e0-4e08-bf80-81ceb4479ff5 user=SA
2026-03-18T20:03:49.623+05:30  INFO 12992 --- [smart-interview-platform] [           main] com.zaxxer.hikari.HikariDataSource       : HikariPool-1 - Start completed.
2026-03-18T20:03:49.686+05:30  INFO 12992 --- [smart-interview-platform] [           main] o.hibernate.jpa.internal.util.LogHelper  : HHH000204: Processing PersistenceUnitInfo [name: default]
2026-03-18T20:03:49.762+05:30  INFO 12992 --- [smart-interview-platform] [           main] org.hibernate.Version                    : HHH000412: Hibernate ORM core version 6.4.4.Final
2026-03-18T20:03:49.833+05:30  INFO 12992 --- [smart-interview-platform] [           main] o.h.c.internal.RegionFactoryInitiator    : HHH000026: Second-level cache disabled
2026-03-18T20:03:50.152+05:30  INFO 12992 --- [smart-interview-platform] [           main] o.s.o.j.p.SpringPersistenceUnitInfo      : No LoadTimeWeaver setup: ignoring JPA class transformer
2026-03-18T20:03:51.733+05:30  INFO 12992 --- [smart-interview-platform] [           main] o.h.e.t.j.p.i.JtaPlatformInitiator       : HHH000489: No JTA platform available (set 'hibernate.transaction.jta.platform' to enable JTA platform integration)
2026-03-18T20:03:51.817+05:30  INFO 12992 --- [smart-interview-platform] [           main] j.LocalContainerEntityManagerFactoryBean : Initialized JPA EntityManagerFactory for persistence unit 'default'
2026-03-18T20:03:52.584+05:30  WARN 12992 --- [smart-interview-platform] [           main] JpaBaseConfiguration$JpaWebConfiguration : spring.jpa.open-in-view is enabled by default. Therefore, database queries may be performed during view rendering. Explicitly configure spring.jpa.open-in-view to disable this warning
2026-03-18T20:03:53.090+05:30  INFO 12992 --- [smart-interview-platform] [           main] o.s.s.web.DefaultSecurityFilterChain     : Will secure any request with [org.springframework.security.web.session.DisableEncodeUrlFilter@2c5b4b91, org.springframework.security.web.context.request.async.WebAsyncManagerIntegrationFilter@51eeae0a, org.springframework.security.web.context.SecurityContextHolderFilter@3705a85c, org.springframework.security.web.header.HeaderWriterFilter@7866ffa, org.springframework.web.filter.CorsFilter@76c2d002, org.springframework.security.web.authentication.logout.LogoutFilter@a5df98c, com.interview.platform.security.JwtAuthenticationFilter@64acf8d2, org.springframework.security.web.savedrequest.RequestCacheAwareFilter@5b11d0d8, org.springframework.security.web.servletapi.SecurityContextHolderAwareRequestFilter@5cf39df6, org.springframework.security.web.authentication.AnonymousAuthenticationFilter@55589ef5, org.springframework.security.web.session.SessionManagementFilter@52a8f789, org.springframework.security.web.access.ExceptionTranslationFilter@64dfa1a3, org.springframework.security.web.access.intercept.AuthorizationFilter@160d68b8]
2026-03-18T20:03:53.512+05:30  INFO 12992 --- [smart-interview-platform] [           main] o.s.b.w.embedded.tomcat.TomcatWebServer  : Tomcat started on port 8081 (http) with context path ''
2026-03-18T20:03:53.522+05:30  INFO 12992 --- [smart-interview-platform] [           main] c.i.p.SmartInterviewPlatformApplication  : Started SmartInterviewPlatformApplication in 7.613 seconds (process running for 8.333)
Default user created: shiva@gmail.com / shiva
