[INFO] Scanning for projects...
[INFO] 
[INFO] ---------< com.interview:Smart-Interview-Preparation-Platform >---------
[INFO] Building Smart Interview Platform 0.0.1-SNAPSHOT
[INFO]   from pom.xml
[INFO] --------------------------------[ jar ]---------------------------------
[INFO] 
[INFO] >>> spring-boot:3.2.4:run (default-cli) > test-compile @ Smart-Interview-Preparation-Platform >>>
[INFO] 
[INFO] --- resources:3.3.1:resources (default-resources) @ Smart-Interview-Preparation-Platform ---
[INFO] Copying 1 resource from src\main\resources to target\classes
[INFO] Copying 0 resource from src\main\resources to target\classes
[INFO] 
[INFO] --- compiler:3.11.0:compile (default-compile) @ Smart-Interview-Preparation-Platform ---
[INFO] Nothing to compile - all classes are up to date
[INFO] 
[INFO] --- resources:3.3.1:testResources (default-testResources) @ Smart-Interview-Preparation-Platform ---
[INFO] skip non existing resourceDirectory C:\dddd\Smart Interview Preparation Platform\Smart-Interview-Preparation-Platform\src\test\resources
[INFO] 
[INFO] --- compiler:3.11.0:testCompile (default-testCompile) @ Smart-Interview-Preparation-Platform ---
[INFO] Changes detected - recompiling the module! :source
[INFO] Compiling 2 source files with javac [debug release 21] to target\test-classes
[INFO] 
[INFO] <<< spring-boot:3.2.4:run (default-cli) < test-compile @ Smart-Interview-Preparation-Platform <<<
[INFO] 
[INFO] 
[INFO] --- spring-boot:3.2.4:run (default-cli) @ Smart-Interview-Preparation-Platform ---
[INFO] Attaching agents: []

  .   ____          _            __ _ _
 /\\ / ___'_ __ _ _(_)_ __  __ _ \ \ \ \
( ( )\___ | '_ | '_| | '_ \/ _` | \ \ \ \
 \\/  ___)| |_)| | | | | || (_| |  ) ) ) )
  '  |____| .__|_| |_|_| |_\__, | / / / /
 =========|_|==============|___/=/_/_/_/
 :: Spring Boot ::                (v3.2.4)

2026-03-18T20:00:05.045+05:30  INFO 4680 --- [smart-interview-platform] [           main] c.i.p.SmartInterviewPlatformApplication  : Starting SmartInterviewPlatformApplication using Java 21.0.10 with PID 4680 (C:\dddd\Smart Interview Preparation Platform\Smart-Interview-Preparation-Platform\target\classes started by Manish K in C:\dddd\Smart Interview Preparation Platform\Smart-Interview-Preparation-Platform)
2026-03-18T20:00:05.048+05:30  INFO 4680 --- [smart-interview-platform] [           main] c.i.p.SmartInterviewPlatformApplication  : No active profile set, falling back to 1 default profile: "default"
2026-03-18T20:00:06.559+05:30  INFO 4680 --- [smart-interview-platform] [           main] .s.d.r.c.RepositoryConfigurationDelegate : Bootstrapping Spring Data JPA repositories in DEFAULT mode.
2026-03-18T20:00:06.684+05:30  INFO 4680 --- [smart-interview-platform] [           main] .s.d.r.c.RepositoryConfigurationDelegate : Finished Spring Data repository scanning in 104 ms. Found 4 JPA repository interfaces.
2026-03-18T20:00:07.834+05:30  INFO 4680 --- [smart-interview-platform] [           main] o.s.b.w.embedded.tomcat.TomcatWebServer  : Tomcat initialized with port 8081 (http)
2026-03-18T20:00:07.859+05:30  INFO 4680 --- [smart-interview-platform] [           main] o.apache.catalina.core.StandardService   : Starting service [Tomcat]
2026-03-18T20:00:07.860+05:30  INFO 4680 --- [smart-interview-platform] [           main] o.apache.catalina.core.StandardEngine    : Starting Servlet engine: [Apache Tomcat/10.1.19]
2026-03-18T20:00:08.846+05:30  INFO 4680 --- [smart-interview-platform] [           main] o.a.c.c.C.[Tomcat].[localhost].[/]       : Initializing Spring embedded WebApplicationContext
2026-03-18T20:00:08.850+05:30  INFO 4680 --- [smart-interview-platform] [           main] w.s.c.ServletWebServerApplicationContext : Root WebApplicationContext: initialization completed in 3706 ms
2026-03-18T20:00:09.514+05:30  INFO 4680 --- [smart-interview-platform] [           main] com.zaxxer.hikari.HikariDataSource       : HikariPool-1 - Starting...
2026-03-18T20:00:09.878+05:30  INFO 4680 --- [smart-interview-platform] [           main] com.zaxxer.hikari.pool.HikariPool        : HikariPool-1 - Added connection conn0: url=jdbc:h2:mem:c5f6ec41-9d99-43c7-87e7-82010a6c9ced user=SA
2026-03-18T20:00:09.881+05:30  INFO 4680 --- [smart-interview-platform] [           main] com.zaxxer.hikari.HikariDataSource       : HikariPool-1 - Start completed.
2026-03-18T20:00:09.941+05:30  INFO 4680 --- [smart-interview-platform] [           main] o.hibernate.jpa.internal.util.LogHelper  : HHH000204: Processing PersistenceUnitInfo [name: default]
2026-03-18T20:00:10.028+05:30  INFO 4680 --- [smart-interview-platform] [           main] org.hibernate.Version                    : HHH000412: Hibernate ORM core version 6.4.4.Final
2026-03-18T20:00:10.103+05:30  INFO 4680 --- [smart-interview-platform] [           main] o.h.c.internal.RegionFactoryInitiator    : HHH000026: Second-level cache disabled
2026-03-18T20:00:10.607+05:30  INFO 4680 --- [smart-interview-platform] [           main] o.s.o.j.p.SpringPersistenceUnitInfo      : No LoadTimeWeaver setup: ignoring JPA class transformer
2026-03-18T20:00:12.808+05:30  INFO 4680 --- [smart-interview-platform] [           main] o.h.e.t.j.p.i.JtaPlatformInitiator       : HHH000489: No JTA platform available (set 'hibernate.transaction.jta.platform' to enable JTA platform integration)
2026-03-18T20:00:13.168+05:30  INFO 4680 --- [smart-interview-platform] [           main] j.LocalContainerEntityManagerFactoryBean : Initialized JPA EntityManagerFactory for persistence unit 'default'
